<?xml version="1.0" encoding="UTF-8"?>
<testsuite name="com.kinandcarta.ecommerce.ShipmentsHandlerTest" tests="4" skipped="0" failures="0" errors="0" timestamp="2023-08-31T19:04:16" hostname="2NF0VT3" time="0.055">
  <properties/>
  <testcase name="shouldCreate_find_andUpdate_newShipment()" classname="com.kinandcarta.ecommerce.ShipmentsHandlerTest" time="0.037"/>
  <testcase name="shouldDeleteShipment()" classname="com.kinandcarta.ecommerce.ShipmentsHandlerTest" time="0.003"/>
  <testcase name="shouldFindAll_Shipments()" classname="com.kinandcarta.ecommerce.ShipmentsHandlerTest" time="0.011"/>
  <testcase name="shouldFindShipment_byId()" classname="com.kinandcarta.ecommerce.ShipmentsHandlerTest" time="0.001"/>
  <system-out><![CDATA[]]></system-out>
  <system-err><![CDATA[]]></system-err>
</testsuite>
