<?xml version="1.0" encoding="UTF-8"?>
<testsuite name="com.kinandcarta.ecommerce.ShipmentsHandlerTest" tests="6" skipped="0" failures="0" errors="0" timestamp="2023-09-08T16:57:32" hostname="2NF0VT3" time="0.728">
  <properties/>
  <testcase name="shouldCreateShipment()" classname="com.kinandcarta.ecommerce.ShipmentsHandlerTest" time="0.696"/>
  <testcase name="shouldDeleteShipment()" classname="com.kinandcarta.ecommerce.ShipmentsHandlerTest" time="0.009"/>
  <testcase name="shouldNOT_DeleteShipmentThatDoesNotExist()" classname="com.kinandcarta.ecommerce.ShipmentsHandlerTest" time="0.004"/>
  <testcase name="shouldFindAll_Shipments()" classname="com.kinandcarta.ecommerce.ShipmentsHandlerTest" time="0.002"/>
  <testcase name="shouldFindShipment_byId()" classname="com.kinandcarta.ecommerce.ShipmentsHandlerTest" time="0.002"/>
  <testcase name="shouldUpdate_Shipment()" classname="com.kinandcarta.ecommerce.ShipmentsHandlerTest" time="0.006"/>
  <system-out><![CDATA[11:57:33.066 [Test worker] INFO org.hibernate.validator.internal.util.Version -- HV000001: Hibernate Validator 8.0.1.Final
]]></system-out>
  <system-err><![CDATA[]]></system-err>
</testsuite>
