<?xml version="1.0" encoding="UTF-8"?>
<testsuite name="com.kinandcarta.ecommerce.ShipmentsWebIntegrationsTests" tests="5" skipped="1" failures="0" errors="0" timestamp="2023-08-31T19:04:18" hostname="2NF0VT3" time="0.214">
  <properties/>
  <testcase name="shouldCreate_Shipment()" classname="com.kinandcarta.ecommerce.ShipmentsWebIntegrationsTests" time="0.193"/>
  <testcase name="shouldFindAll_Shipment()" classname="com.kinandcarta.ecommerce.ShipmentsWebIntegrationsTests" time="0.007"/>
  <testcase name="shouldFindById_Shipment()" classname="com.kinandcarta.ecommerce.ShipmentsWebIntegrationsTests" time="0.007"/>
  <testcase name="shouldDelete_Shipment()" classname="com.kinandcarta.ecommerce.ShipmentsWebIntegrationsTests" time="0.002"/>
  <testcase name="shouldUpdate_Shipment()" classname="com.kinandcarta.ecommerce.ShipmentsWebIntegrationsTests" time="0.0">
    <skipped/>
  </testcase>
  <system-out><![CDATA[14:04:16.424 [Test worker] INFO org.springframework.test.context.support.AnnotationConfigContextLoaderUtils -- Could not detect default configuration classes for test class [com.kinandcarta.ecommerce.ShipmentsWebIntegrationsTests]: ShipmentsWebIntegrationsTests does not declare any static, non-private, non-final, nested classes annotated with @Configuration.
14:04:16.587 [Test worker] INFO org.springframework.boot.test.context.SpringBootTestContextBootstrapper -- Found @SpringBootConfiguration com.kinandcarta.ecommerce.ShipmentsApplication for test class com.kinandcarta.ecommerce.ShipmentsWebIntegrationsTests

  .   ____          _            __ _ _
 /\\ / ___'_ __ _ _(_)_ __  __ _ \ \ \ \
( ( )\___ | '_ | '_| | '_ \/ _` | \ \ \ \
 \\/  ___)| |_)| | | | | || (_| |  ) ) ) )
  '  |____| .__|_| |_|_| |_\__, | / / / /
 =========|_|==============|___/=/_/_/_/
 :: Spring Boot ::                (v3.1.3)

2023-08-31T14:04:17.305-05:00  INFO 28056 --- [    Test worker] c.k.e.ShipmentsWebIntegrationsTests      : Starting ShipmentsWebIntegrationsTests using Java 17.0.8 with PID 28056 (started by DavidKing in C:\Users\DavidKing\Desktop\GitHub_Projects\shipments-service)
2023-08-31T14:04:17.306-05:00  INFO 28056 --- [    Test worker] c.k.e.ShipmentsWebIntegrationsTests      : No active profile set, falling back to 1 default profile: "default"
2023-08-31T14:04:18.172-05:00  INFO 28056 --- [    Test worker] o.s.b.t.m.w.SpringBootMockServletContext : Initializing Spring TestDispatcherServlet ''
2023-08-31T14:04:18.172-05:00  INFO 28056 --- [    Test worker] o.s.t.web.servlet.TestDispatcherServlet  : Initializing Servlet ''
2023-08-31T14:04:18.174-05:00  INFO 28056 --- [    Test worker] o.s.t.web.servlet.TestDispatcherServlet  : Completed initialization in 1 ms
2023-08-31T14:04:18.203-05:00  INFO 28056 --- [    Test worker] c.k.e.ShipmentsWebIntegrationsTests      : Started ShipmentsWebIntegrationsTests in 1.412 seconds (process running for 4.058)

MockHttpServletRequest:
      HTTP Method = POST
      Request URI = /shipments
       Parameters = {}
          Headers = [Content-Type:"application/json;charset=UTF-8", Accept:"application/json", Content-Length:"439"]
             Body = {"id":1,"shippingAddressId":2,"accountId":1,"shippedDate":"2023-08-31T19:04:18.214890900Z","deliveryDate":"2023-09-03T19:04:18.214890900Z","orderLineItems":[{"id":4,"orderId":1,"productId":3,"shipmentId":null,"quantity":1,"price":13.99,"totalPrice":null,"createDateTime":null,"updateDateTime":null},{"id":3,"orderId":1,"productId":1,"shipmentId":null,"quantity":2,"price":10,"totalPrice":null,"createDateTime":null,"updateDateTime":null}]}
    Session Attrs = {}

Handler:
             Type = com.kinandcarta.ecommerce.ShipmentsController
           Method = com.kinandcarta.ecommerce.ShipmentsController#create(Shipments)

Async:
    Async started = false
     Async result = null

Resolved Exception:
             Type = null

ModelAndView:
        View name = null
             View = null
            Model = null

FlashMap:
       Attributes = null

MockHttpServletResponse:
           Status = 200
    Error message = null
          Headers = [Content-Type:"application/json"]
     Content type = application/json
             Body = {"id":1,"shippingAddressId":2,"accountId":1,"shippedDate":"2023-08-31T19:04:18.265897500Z","deliveryDate":"2023-09-03T19:04:18.265897500Z","orderLineItems":[{"id":4,"orderId":1,"productId":3,"shipmentId":null,"quantity":1,"price":13.99,"totalPrice":null,"createDateTime":null,"updateDateTime":null},{"id":3,"orderId":1,"productId":1,"shipmentId":null,"quantity":2,"price":10,"totalPrice":null,"createDateTime":null,"updateDateTime":null}]}
    Forwarded URL = null
   Redirected URL = null
          Cookies = []

MockHttpServletRequest:
      HTTP Method = GET
      Request URI = /shipments
       Parameters = {}
          Headers = [Content-Type:"application/json;charset=UTF-8", Accept:"application/json"]
             Body = null
    Session Attrs = {}

Handler:
             Type = com.kinandcarta.ecommerce.ShipmentsController
           Method = com.kinandcarta.ecommerce.ShipmentsController#findAll()

Async:
    Async started = false
     Async result = null

Resolved Exception:
             Type = null

ModelAndView:
        View name = null
             View = null
            Model = null

FlashMap:
       Attributes = null

MockHttpServletResponse:
           Status = 200
    Error message = null
          Headers = [Content-Type:"application/json"]
     Content type = application/json
             Body = [{"id":1,"shippingAddressId":2,"accountId":1,"shippedDate":"2023-08-31T19:04:18.404491700Z","deliveryDate":"2023-09-03T19:04:18.404491700Z","orderLineItems":[{"id":4,"orderId":1,"productId":3,"shipmentId":null,"quantity":1,"price":13.99,"totalPrice":null,"createDateTime":null,"updateDateTime":null},{"id":3,"orderId":1,"productId":1,"shipmentId":null,"quantity":2,"price":10,"totalPrice":null,"createDateTime":null,"updateDateTime":null}]}]
    Forwarded URL = null
   Redirected URL = null
          Cookies = []

MockHttpServletRequest:
      HTTP Method = GET
      Request URI = /shipments/1
       Parameters = {}
          Headers = [Content-Type:"application/json;charset=UTF-8", Accept:"application/json"]
             Body = null
    Session Attrs = {}

Handler:
             Type = com.kinandcarta.ecommerce.ShipmentsController
           Method = com.kinandcarta.ecommerce.ShipmentsController#findById(Long)

Async:
    Async started = false
     Async result = null

Resolved Exception:
             Type = null

ModelAndView:
        View name = null
             View = null
            Model = null

FlashMap:
       Attributes = null

MockHttpServletResponse:
           Status = 200
    Error message = null
          Headers = [Content-Type:"application/json"]
     Content type = application/json
             Body = {"id":1,"shippingAddressId":2,"accountId":1,"shippedDate":"2023-08-31T19:04:18.413490Z","deliveryDate":"2023-09-03T19:04:18.413490Z","orderLineItems":[{"id":4,"orderId":1,"productId":3,"shipmentId":null,"quantity":1,"price":13.99,"totalPrice":null,"createDateTime":null,"updateDateTime":null},{"id":3,"orderId":1,"productId":1,"shipmentId":null,"quantity":2,"price":10,"totalPrice":null,"createDateTime":null,"updateDateTime":null}]}
    Forwarded URL = null
   Redirected URL = null
          Cookies = []
]]></system-out>
  <system-err><![CDATA[]]></system-err>
</testsuite>
