<?xml version="1.0" encoding="UTF-8"?>
<testsuite name="com.kinandcarta.ecommerce.ProductsTest" tests="1" skipped="0" failures="0" errors="0" timestamp="2023-08-31T19:04:15" hostname="2NF0VT3" time="0.07">
  <properties/>
  <testcase name="modelMethods()" classname="com.kinandcarta.ecommerce.ProductsTest" time="0.07"/>
  <system-out><![CDATA[]]></system-out>
  <system-err><![CDATA[]]></system-err>
</testsuite>
